{"/home/shimmer/SOUNDQR/src/metadata/VorbisHandler.ts": {"path":"/home/shimmer/SOUNDQR/src/metadata/VorbisHandler.ts","statementMap":{"0":{"start":{"line":2,"column":0},"end":{"line":2,"column":37}},"1":{"start":{"line":6,"column":8},"end":{"line":6,"column":48}},"2":{"start":{"line":10,"column":23},"end":{"line":10,"column":65}},"3":{"start":{"line":12,"column":8},"end":{"line":21,"column":10}},"4":{"start":{"line":26,"column":8},"end":{"line":26,"column":18}},"5":{"start":{"line":30,"column":26},"end":{"line":30,"column":49}},"6":{"start":{"line":31,"column":29},"end":{"line":31,"column":62}},"7":{"start":{"line":32,"column":8},"end":{"line":32,"column":46}},"8":{"start":{"line":4,"column":0},"end":{"line":4,"column":13}}},"fnMap":{"0":{"name":"(anonymous_0)","decl":{"start":{"line":5,"column":4},"end":{"line":5,"column":9}},"loc":{"start":{"line":5,"column":33},"end":{"line":7,"column":5}}},"1":{"name":"(anonymous_1)","decl":{"start":{"line":9,"column":12},"end":{"line":9,"column":17}},"loc":{"start":{"line":9,"column":52},"end":{"line":22,"column":5}}},"2":{"name":"(anonymous_2)","decl":{"start":{"line":24,"column":12},"end":{"line":24,"column":17}},"loc":{"start":{"line":24,"column":50},"end":{"line":27,"column":5}}},"3":{"name":"(anonymous_3)","decl":{"start":{"line":29,"column":12},"end":{"line":29,"column":36}},"loc":{"start":{"line":29,"column":36},"end":{"line":33,"column":5}}}},"branchMap":{"0":{"loc":{"start":{"line":13,"column":19},"end":{"line":13,"column":44}},"type":"binary-expr","locations":[{"start":{"line":13,"column":19},"end":{"line":13,"column":31}},{"start":{"line":13,"column":35},"end":{"line":13,"column":44}}]},"1":{"loc":{"start":{"line":14,"column":20},"end":{"line":14,"column":46}},"type":"binary-expr","locations":[{"start":{"line":14,"column":20},"end":{"line":14,"column":33}},{"start":{"line":14,"column":37},"end":{"line":14,"column":46}}]},"2":{"loc":{"start":{"line":16,"column":18},"end":{"line":16,"column":65}},"type":"cond-expr","locations":[{"start":{"line":16,"column":32},"end":{"line":16,"column":53}},{"start":{"line":16,"column":56},"end":{"line":16,"column":65}}]},"3":{"loc":{"start":{"line":18,"column":20},"end":{"line":18,"column":63}},"type":"cond-expr","locations":[{"start":{"line":18,"column":36},"end":{"line":18,"column":51}},{"start":{"line":18,"column":54},"end":{"line":18,"column":63}}]}},"s":{"0":1,"1":2,"2":2,"3":2,"4":2,"5":2,"6":2,"7":2,"8":1},"f":{"0":2,"1":2,"2":2,"3":2},"b":{"0":[2,2],"1":[2,2],"2":[0,2],"3":[0,2]}}
}
