{"/home/shimmer/SOUNDQR/src/codec/FLACCodec.ts": {"path":"/home/shimmer/SOUNDQR/src/codec/FLACCodec.ts","statementMap":{"0":{"start":{"line":12,"column":24},"end":{"line":12,"column":49}},"1":{"start":{"line":15,"column":30},"end":{"line":15,"column":47}},"2":{"start":{"line":18,"column":8},"end":{"line":18,"column":51}},"3":{"start":{"line":19,"column":8},"end":{"line":19,"column":63}},"4":{"start":{"line":41,"column":32},"end":{"line":41,"column":36}},"5":{"start":{"line":42,"column":8},"end":{"line":42,"column":53}},"6":{"start":{"line":46,"column":8},"end":{"line":50,"column":null}},"7":{"start":{"line":47,"column":12},"end":{"line":47,"column":59}},"8":{"start":{"line":49,"column":12},"end":{"line":49,"column":30}},"9":{"start":{"line":53,"column":31},"end":{"line":58,"column":10}},"10":{"start":{"line":60,"column":8},"end":{"line":62,"column":11}},"11":{"start":{"line":61,"column":12},"end":{"line":61,"column":59}},"12":{"start":{"line":65,"column":8},"end":{"line":65,"column":62}},"13":{"start":{"line":67,"column":8},"end":{"line":67,"column":52}},"14":{"start":{"line":11,"column":0},"end":{"line":11,"column":13}},"15":{"start":{"line":74,"column":31},"end":{"line":74,"column":34}},"16":{"start":{"line":75,"column":30},"end":{"line":75,"column":61}},"17":{"start":{"line":76,"column":27},"end":{"line":76,"column":55}},"18":{"start":{"line":77,"column":8},"end":{"line":81,"column":10}},"19":{"start":{"line":72,"column":0},"end":{"line":72,"column":13}},"20":{"start":{"line":87,"column":24},"end":{"line":87,"column":61}},"21":{"start":{"line":89,"column":50},"end":{"line":89,"column":62}},"22":{"start":{"line":90,"column":50},"end":{"line":90,"column":62}},"23":{"start":{"line":86,"column":0},"end":{"line":86,"column":13}}},"fnMap":{"0":{"name":"(anonymous_0)","decl":{"start":{"line":12,"column":4},"end":{"line":12,"column":24}},"loc":{"start":{"line":12,"column":49},"end":{"line":12,"column":53}}},"1":{"name":"(anonymous_1)","decl":{"start":{"line":14,"column":4},"end":{"line":14,"column":9}},"loc":{"start":{"line":14,"column":47},"end":{"line":68,"column":5}}},"2":{"name":"(anonymous_2)","decl":{"start":{"line":60,"column":31},"end":{"line":60,"column":32}},"loc":{"start":{"line":60,"column":49},"end":{"line":62,"column":9}}},"3":{"name":"(anonymous_3)","decl":{"start":{"line":73,"column":4},"end":{"line":73,"column":9}},"loc":{"start":{"line":73,"column":31},"end":{"line":82,"column":5}}},"4":{"name":"(anonymous_4)","decl":{"start":{"line":87,"column":4},"end":{"line":87,"column":24}},"loc":{"start":{"line":87,"column":63},"end":{"line":87,"column":67}}},"5":{"name":"(anonymous_5)","decl":{"start":{"line":88,"column":4},"end":{"line":88,"column":9}},"loc":{"start":{"line":88,"column":20},"end":{"line":88,"column":40}}},"6":{"name":"(anonymous_6)","decl":{"start":{"line":89,"column":4},"end":{"line":89,"column":9}},"loc":{"start":{"line":89,"column":29},"end":{"line":89,"column":64}}},"7":{"name":"(anonymous_7)","decl":{"start":{"line":90,"column":4},"end":{"line":90,"column":9}},"loc":{"start":{"line":90,"column":29},"end":{"line":90,"column":64}}}},"branchMap":{"0":{"loc":{"start":{"line":87,"column":24},"end":{"line":87,"column":63}},"type":"default-arg","locations":[{"start":{"line":87,"column":61},"end":{"line":87,"column":63}}]}},"s":{"0":7,"1":6,"2":6,"3":6,"4":6,"5":6,"6":6,"7":6,"8":0,"9":6,"10":6,"11":24,"12":6,"13":6,"14":4,"15":4,"16":4,"17":4,"18":4,"19":4,"20":5,"21":1,"22":1,"23":4},"f":{"0":7,"1":6,"2":24,"3":4,"4":5,"5":2,"6":1,"7":1},"b":{"0":[0]}}
,"/home/shimmer/SOUNDQR/src/metadata/ID3Handler.ts": {"path":"/home/shimmer/SOUNDQR/src/metadata/ID3Handler.ts","statementMap":{"0":{"start":{"line":2,"column":0},"end":{"line":2,"column":37}},"1":{"start":{"line":3,"column":0},"end":{"line":3,"column":36}},"2":{"start":{"line":21,"column":21},"end":{"line":21,"column":53}},"3":{"start":{"line":23,"column":8},"end":{"line":38,"column":10}},"4":{"start":{"line":42,"column":26},"end":{"line":42,"column":49}},"5":{"start":{"line":43,"column":29},"end":{"line":43,"column":62}},"6":{"start":{"line":44,"column":8},"end":{"line":44,"column":46}},"7":{"start":{"line":18,"column":0},"end":{"line":18,"column":13}}},"fnMap":{"0":{"name":"(anonymous_6)","decl":{"start":{"line":19,"column":4},"end":{"line":19,"column":9}},"loc":{"start":{"line":19,"column":30},"end":{"line":39,"column":5}}},"1":{"name":"(anonymous_7)","decl":{"start":{"line":41,"column":12},"end":{"line":41,"column":36}},"loc":{"start":{"line":41,"column":36},"end":{"line":45,"column":5}}}},"branchMap":{"0":{"loc":{"start":{"line":24,"column":19},"end":{"line":24,"column":74}},"type":"cond-expr","locations":[{"start":{"line":24,"column":40},"end":{"line":24,"column":50}},{"start":{"line":24,"column":53},"end":{"line":24,"column":74}}]},"1":{"loc":{"start":{"line":24,"column":19},"end":{"line":24,"column":37}},"type":"binary-expr","locations":[{"start":{"line":24,"column":19},"end":{"line":24,"column":23}},{"start":{"line":24,"column":27},"end":{"line":24,"column":37}}]},"2":{"loc":{"start":{"line":25,"column":20},"end":{"line":25,"column":67}},"type":"cond-expr","locations":[{"start":{"line":25,"column":42},"end":{"line":25,"column":53}},{"start":{"line":25,"column":56},"end":{"line":25,"column":67}}]},"3":{"loc":{"start":{"line":25,"column":20},"end":{"line":25,"column":39}},"type":"binary-expr","locations":[{"start":{"line":25,"column":20},"end":{"line":25,"column":24}},{"start":{"line":25,"column":28},"end":{"line":25,"column":39}}]},"4":{"loc":{"start":{"line":26,"column":19},"end":{"line":26,"column":71}},"type":"cond-expr","locations":[{"start":{"line":26,"column":40},"end":{"line":26,"column":50}},{"start":{"line":26,"column":53},"end":{"line":26,"column":71}}]},"5":{"loc":{"start":{"line":26,"column":19},"end":{"line":26,"column":37}},"type":"binary-expr","locations":[{"start":{"line":26,"column":19},"end":{"line":26,"column":23}},{"start":{"line":26,"column":27},"end":{"line":26,"column":37}}]},"6":{"loc":{"start":{"line":27,"column":18},"end":{"line":27,"column":64}},"type":"cond-expr","locations":[{"start":{"line":27,"column":38},"end":{"line":27,"column":57}},{"start":{"line":27,"column":60},"end":{"line":27,"column":64}}]},"7":{"loc":{"start":{"line":27,"column":18},"end":{"line":27,"column":35}},"type":"binary-expr","locations":[{"start":{"line":27,"column":18},"end":{"line":27,"column":22}},{"start":{"line":27,"column":26},"end":{"line":27,"column":35}}]},"8":{"loc":{"start":{"line":28,"column":19},"end":{"line":28,"column":65}},"type":"cond-expr","locations":[{"start":{"line":28,"column":40},"end":{"line":28,"column":50}},{"start":{"line":28,"column":53},"end":{"line":28,"column":65}}]},"9":{"loc":{"start":{"line":28,"column":19},"end":{"line":28,"column":37}},"type":"binary-expr","locations":[{"start":{"line":28,"column":19},"end":{"line":28,"column":23}},{"start":{"line":28,"column":27},"end":{"line":28,"column":37}}]},"10":{"loc":{"start":{"line":30,"column":20},"end":{"line":30,"column":67}},"type":"cond-expr","locations":[{"start":{"line":30,"column":35},"end":{"line":30,"column":55}},{"start":{"line":30,"column":58},"end":{"line":30,"column":67}}]}},"s":{"0":2,"1":2,"2":3,"3":3,"4":3,"5":3,"6":3,"7":2},"f":{"0":3,"1":3},"b":{"0":[0,3],"1":[3,3],"2":[0,3],"3":[3,3],"4":[0,3],"5":[3,3],"6":[0,3],"7":[3,3],"8":[0,3],"9":[3,3],"10":[0,3]}}
,"/home/shimmer/SOUNDQR/src/metadata/MetadataHandler.ts": {"path":"/home/shimmer/SOUNDQR/src/metadata/MetadataHandler.ts","statementMap":{"0":{"start":{"line":1,"column":0},"end":{"line":1,"column":48}},"1":{"start":{"line":2,"column":0},"end":{"line":2,"column":42}},"2":{"start":{"line":8,"column":33},"end":{"line":8,"column":null}},"3":{"start":{"line":6,"column":12},"end":{"line":6,"column":44}},"4":{"start":{"line":14,"column":8},"end":{"line":14,"column":94}},"5":{"start":{"line":15,"column":8},"end":{"line":15,"column":51}},"6":{"start":{"line":16,"column":8},"end":{"line":16,"column":37}},"7":{"start":{"line":20,"column":8},"end":{"line":20,"column":76}},"8":{"start":{"line":21,"column":8},"end":{"line":21,"column":54}},"9":{"start":{"line":22,"column":8},"end":{"line":22,"column":37}},"10":{"start":{"line":26,"column":8},"end":{"line":34,"column":10}},"11":{"start":{"line":38,"column":8},"end":{"line":38,"column":69}},"12":{"start":{"line":5,"column":0},"end":{"line":5,"column":13}}},"fnMap":{"0":{"name":"(anonymous_0)","decl":{"start":{"line":8,"column":4},"end":{"line":8,"column":33}},"loc":{"start":{"line":11,"column":5},"end":{"line":11,"column":9}}},"1":{"name":"(anonymous_1)","decl":{"start":{"line":13,"column":4},"end":{"line":13,"column":9}},"loc":{"start":{"line":13,"column":35},"end":{"line":17,"column":5}}},"2":{"name":"(anonymous_2)","decl":{"start":{"line":19,"column":4},"end":{"line":19,"column":9}},"loc":{"start":{"line":19,"column":38},"end":{"line":23,"column":5}}},"3":{"name":"(anonymous_3)","decl":{"start":{"line":25,"column":12},"end":{"line":25,"column":27}},"loc":{"start":{"line":25,"column":53},"end":{"line":35,"column":5}}},"4":{"name":"(anonymous_4)","decl":{"start":{"line":37,"column":12},"end":{"line":37,"column":36}},"loc":{"start":{"line":37,"column":36},"end":{"line":39,"column":5}}}},"branchMap":{},"s":{"0":1,"1":1,"2":2,"3":2,"4":1,"5":1,"6":0,"7":1,"8":1,"9":0,"10":0,"11":0,"12":1},"f":{"0":2,"1":1,"2":1,"3":0,"4":0},"b":{}}
,"/home/shimmer/SOUNDQR/src/metadata/VorbisHandler.ts": {"path":"/home/shimmer/SOUNDQR/src/metadata/VorbisHandler.ts","statementMap":{"0":{"start":{"line":2,"column":0},"end":{"line":2,"column":37}},"1":{"start":{"line":6,"column":8},"end":{"line":6,"column":48}},"2":{"start":{"line":10,"column":23},"end":{"line":10,"column":65}},"3":{"start":{"line":12,"column":8},"end":{"line":26,"column":10}},"4":{"start":{"line":31,"column":8},"end":{"line":31,"column":18}},"5":{"start":{"line":35,"column":26},"end":{"line":35,"column":49}},"6":{"start":{"line":36,"column":29},"end":{"line":36,"column":62}},"7":{"start":{"line":37,"column":8},"end":{"line":37,"column":46}},"8":{"start":{"line":4,"column":0},"end":{"line":4,"column":13}}},"fnMap":{"0":{"name":"(anonymous_0)","decl":{"start":{"line":5,"column":4},"end":{"line":5,"column":9}},"loc":{"start":{"line":5,"column":33},"end":{"line":7,"column":5}}},"1":{"name":"(anonymous_1)","decl":{"start":{"line":9,"column":12},"end":{"line":9,"column":17}},"loc":{"start":{"line":9,"column":52},"end":{"line":27,"column":5}}},"2":{"name":"(anonymous_2)","decl":{"start":{"line":29,"column":12},"end":{"line":29,"column":17}},"loc":{"start":{"line":29,"column":50},"end":{"line":32,"column":5}}},"3":{"name":"(anonymous_3)","decl":{"start":{"line":34,"column":12},"end":{"line":34,"column":36}},"loc":{"start":{"line":34,"column":36},"end":{"line":38,"column":5}}}},"branchMap":{"0":{"loc":{"start":{"line":13,"column":19},"end":{"line":13,"column":37}},"type":"binary-expr","locations":[{"start":{"line":13,"column":19},"end":{"line":13,"column":31}},{"start":{"line":13,"column":35},"end":{"line":13,"column":37}}]},"1":{"loc":{"start":{"line":14,"column":20},"end":{"line":14,"column":39}},"type":"binary-expr","locations":[{"start":{"line":14,"column":20},"end":{"line":14,"column":33}},{"start":{"line":14,"column":37},"end":{"line":14,"column":39}}]},"2":{"loc":{"start":{"line":16,"column":18},"end":{"line":16,"column":65}},"type":"cond-expr","locations":[{"start":{"line":16,"column":32},"end":{"line":16,"column":53}},{"start":{"line":16,"column":56},"end":{"line":16,"column":65}}]},"3":{"loc":{"start":{"line":18,"column":20},"end":{"line":18,"column":63}},"type":"cond-expr","locations":[{"start":{"line":18,"column":36},"end":{"line":18,"column":51}},{"start":{"line":18,"column":54},"end":{"line":18,"column":63}}]}},"s":{"0":2,"1":3,"2":3,"3":3,"4":3,"5":3,"6":3,"7":3,"8":2},"f":{"0":3,"1":3,"2":3,"3":3},"b":{"0":[3,3],"1":[3,3],"2":[0,3],"3":[0,3]}}
,"/home/shimmer/SOUNDQR/src/metadata/types.ts": {"path":"/home/shimmer/SOUNDQR/src/metadata/types.ts","statementMap":{"0":{"start":{"line":33,"column":0},"end":{"line":33,"column":13}},"1":{"start":{"line":41,"column":8},"end":{"line":41,"column":23}},"2":{"start":{"line":39,"column":0},"end":{"line":39,"column":13}}},"fnMap":{"0":{"name":"(anonymous_0)","decl":{"start":{"line":34,"column":4},"end":{"line":34,"column":13}},"loc":{"start":{"line":34,"column":38},"end":{"line":36,"column":5}}},"1":{"name":"(anonymous_1)","decl":{"start":{"line":40,"column":4},"end":{"line":40,"column":11}},"loc":{"start":{"line":40,"column":36},"end":{"line":42,"column":5}}}},"branchMap":{},"s":{"0":1,"1":1,"2":1},"f":{"0":0,"1":1},"b":{}}
,"/home/shimmer/SOUNDQR/src/processor/SampleProcessor.ts": {"path":"/home/shimmer/SOUNDQR/src/processor/SampleProcessor.ts","statementMap":{"0":{"start":{"line":2,"column":0},"end":{"line":2,"column":37}},"1":{"start":{"line":7,"column":16},"end":{"line":7,"column":36}},"2":{"start":{"line":8,"column":20},"end":{"line":8,"column":40}},"3":{"start":{"line":13,"column":26},"end":{"line":13,"column":43}},"4":{"start":{"line":14,"column":25},"end":{"line":20,"column":10}},"5":{"start":{"line":22,"column":8},"end":{"line":25,"column":10}},"6":{"start":{"line":30,"column":26},"end":{"line":30,"column":43}},"7":{"start":{"line":31,"column":25},"end":{"line":37,"column":10}},"8":{"start":{"line":39,"column":8},"end":{"line":42,"column":10}},"9":{"start":{"line":50,"column":24},"end":{"line":50,"column":55}},"10":{"start":{"line":53,"column":8},"end":{"line":57,"column":null}},"11":{"start":{"line":54,"column":12},"end":{"line":54,"column":63}},"12":{"start":{"line":56,"column":12},"end":{"line":56,"column":26}},"13":{"start":{"line":59,"column":8},"end":{"line":62,"column":10}},"14":{"start":{"line":67,"column":29},"end":{"line":67,"column":61}},"15":{"start":{"line":68,"column":8},"end":{"line":71,"column":10}},"16":{"start":{"line":5,"column":0},"end":{"line":5,"column":13}}},"fnMap":{"0":{"name":"(anonymous_0)","decl":{"start":{"line":6,"column":4},"end":{"line":6,"column":null}},"loc":{"start":{"line":8,"column":40},"end":{"line":9,"column":8}}},"1":{"name":"(anonymous_1)","decl":{"start":{"line":12,"column":4},"end":{"line":12,"column":9}},"loc":{"start":{"line":12,"column":31},"end":{"line":26,"column":5}}},"2":{"name":"(anonymous_2)","decl":{"start":{"line":29,"column":4},"end":{"line":29,"column":9}},"loc":{"start":{"line":29,"column":34},"end":{"line":43,"column":5}}},"3":{"name":"(anonymous_3)","decl":{"start":{"line":46,"column":4},"end":{"line":46,"column":9}},"loc":{"start":{"line":46,"column":38},"end":{"line":63,"column":5}}},"4":{"name":"(anonymous_4)","decl":{"start":{"line":66,"column":4},"end":{"line":66,"column":9}},"loc":{"start":{"line":66,"column":45},"end":{"line":72,"column":5}}}},"branchMap":{"0":{"loc":{"start":{"line":69,"column":12},"end":{"line":70,"column":38}},"type":"binary-expr","locations":[{"start":{"line":69,"column":12},"end":{"line":69,"column":31}},{"start":{"line":70,"column":12},"end":{"line":70,"column":38}}]}},"s":{"0":2,"1":4,"2":4,"3":3,"4":3,"5":3,"6":1,"7":1,"8":1,"9":0,"10":0,"11":0,"12":0,"13":0,"14":0,"15":0,"16":2},"f":{"0":4,"1":3,"2":1,"3":0,"4":0},"b":{"0":[0,0]}}
}
