TN:
SF:src/codec/FLACCodec.ts
FN:11,(anonymous_0)
FN:13,(anonymous_1)
FN:15,(anonymous_2)
FN:19,(anonymous_3)
FN:25,(anonymous_4)
FN:46,(anonymous_5)
FNF:6
FNH:6
FNDA:3,(anonymous_0)
FNDA:1,(anonymous_1)
FNDA:1,(anonymous_2)
FNDA:1,(anonymous_3)
FNDA:5,(anonymous_4)
FNDA:4,(anonymous_5)
DA:10,4
DA:11,3
DA:16,1
DA:20,1
DA:24,4
DA:26,5
DA:29,5
DA:30,5
DA:31,5
DA:34,5
DA:35,5
DA:38,5
DA:39,5
DA:41,5
DA:45,4
DA:47,4
DA:48,4
DA:49,4
DA:51,4
LF:19
LH:19
BRDA:11,0,0,0
BRF:1
BRH:0
end_of_record
TN:
SF:src/metadata/ID3Handler.ts
FN:19,(anonymous_6)
FN:48,(anonymous_7)
FNF:2
FNH:2
FNDA:3,(anonymous_6)
FNDA:3,(anonymous_7)
DA:2,2
DA:3,2
DA:18,2
DA:20,3
DA:28,3
DA:30,3
DA:49,3
DA:50,3
DA:51,3
LF:9
LH:9
BRDA:28,0,0,3
BRDA:28,0,1,0
BRDA:31,1,0,3
BRDA:31,1,1,3
BRDA:32,2,0,3
BRDA:32,2,1,3
BRDA:33,3,0,3
BRDA:33,3,1,3
BRDA:34,4,0,0
BRDA:34,4,1,3
BRDA:35,5,0,3
BRDA:35,5,1,3
BRDA:37,6,0,0
BRDA:37,6,1,3
BRF:14
BRH:11
end_of_record
TN:
SF:src/metadata/MetadataHandler.ts
FN:8,(anonymous_0)
FN:13,(anonymous_1)
FN:19,(anonymous_2)
FN:25,(anonymous_3)
FN:37,(anonymous_4)
FNF:5
FNH:3
FNDA:2,(anonymous_0)
FNDA:1,(anonymous_1)
FNDA:1,(anonymous_2)
FNDA:0,(anonymous_3)
FNDA:0,(anonymous_4)
DA:1,1
DA:2,1
DA:5,1
DA:6,2
DA:8,2
DA:14,1
DA:15,1
DA:16,0
DA:20,1
DA:21,1
DA:22,0
DA:26,0
DA:38,0
LF:13
LH:9
BRF:0
BRH:0
end_of_record
TN:
SF:src/metadata/VorbisHandler.ts
FN:5,(anonymous_0)
FN:9,(anonymous_1)
FN:29,(anonymous_2)
FN:34,(anonymous_3)
FNF:4
FNH:4
FNDA:3,(anonymous_0)
FNDA:3,(anonymous_1)
FNDA:3,(anonymous_2)
FNDA:3,(anonymous_3)
DA:2,2
DA:4,2
DA:6,3
DA:10,3
DA:12,3
DA:31,3
DA:35,3
DA:36,3
DA:37,3
LF:9
LH:9
BRDA:13,0,0,3
BRDA:13,0,1,3
BRDA:14,1,0,3
BRDA:14,1,1,3
BRDA:16,2,0,0
BRDA:16,2,1,3
BRDA:18,3,0,0
BRDA:18,3,1,3
BRF:8
BRH:6
end_of_record
TN:
SF:src/metadata/types.ts
FN:34,(anonymous_0)
FN:40,(anonymous_1)
FNF:2
FNH:1
FNDA:0,(anonymous_0)
FNDA:1,(anonymous_1)
DA:33,1
DA:39,1
DA:41,1
LF:3
LH:3
BRF:0
BRH:0
end_of_record
TN:
SF:src/processor/SampleProcessor.ts
FN:14,(anonymous_0)
FN:19,(anonymous_1)
FN:25,(anonymous_2)
FN:31,(anonymous_3)
FN:53,(anonymous_4)
FN:67,(anonymous_5)
FNF:6
FNH:6
FNDA:4,(anonymous_0)
FNDA:3,(anonymous_1)
FNDA:1,(anonymous_2)
FNDA:4,(anonymous_3)
FNDA:3,(anonymous_4)
FNDA:1,(anonymous_5)
DA:3,2
DA:5,2
DA:6,4
DA:15,4
DA:16,4
DA:20,3
DA:21,3
DA:22,3
DA:26,1
DA:27,1
DA:28,1
DA:32,4
DA:33,4
DA:35,4
DA:36,192000
DA:37,192000
DA:38,192000
DA:41,192000
DA:42,192000
DA:43,192000
DA:44,192000
DA:46,192000
DA:47,192000
DA:50,4
DA:54,3
DA:68,1
LF:26
LH:26
BRF:0
BRH:0
end_of_record
